<?xml version="1.0" encoding="UTF-8"?>
<testsuite name="pl.poznan.put.gol.game.ConwaysGameOfLifeTest" time="0.014" tests="8" errors="8" skipped="0" failures="0">
  <properties>
    <property name="java.runtime.name" value="Java(TM) SE Runtime Environment"/>
    <property name="sun.boot.library.path" value="C:\Program Files\Java\jdk1.8.0_171\jre\bin"/>
    <property name="java.vm.version" value="25.171-b11"/>
    <property name="java.vm.vendor" value="Oracle Corporation"/>
    <property name="java.vendor.url" value="http://java.oracle.com/"/>
    <property name="path.separator" value=";"/>
    <property name="guice.disable.misplaced.annotation.check" value="true"/>
    <property name="java.vm.name" value="Java HotSpot(TM) 64-Bit Server VM"/>
    <property name="file.encoding.pkg" value="sun.io"/>
    <property name="user.script" value=""/>
    <property name="user.country" value="PL"/>
    <property name="sun.java.launcher" value="SUN_STANDARD"/>
    <property name="sun.os.patch.level" value=""/>
    <property name="java.vm.specification.name" value="Java Virtual Machine Specification"/>
    <property name="user.dir" value="C:\Users\pako9_000\Documents\GitHub\pp\game-of-life"/>
    <property name="java.runtime.version" value="1.8.0_171-b11"/>
    <property name="java.awt.graphicsenv" value="sun.awt.Win32GraphicsEnvironment"/>
    <property name="java.endorsed.dirs" value="C:\Program Files\Java\jdk1.8.0_171\jre\lib\endorsed"/>
    <property name="os.arch" value="amd64"/>
    <property name="java.io.tmpdir" value="C:\Users\PAKO9_~1\AppData\Local\Temp\"/>
    <property name="line.separator" value="&#10;"/>
    <property name="java.vm.specification.vendor" value="Oracle Corporation"/>
    <property name="user.variant" value=""/>
    <property name="os.name" value="Windows 10"/>
    <property name="maven.ext.class.path" value="C:\Program Files\NetBeans 8.1\java\maven-nblib\netbeans-eventspy.jar"/>
    <property name="classworlds.conf" value="C:\Program Files\NetBeans 8.1\java\maven\bin\m2.conf"/>
    <property name="sun.jnu.encoding" value="Cp1250"/>
    <property name="java.library.path" value="C:\Program Files\Java\jdk1.8.0_171\bin;C:\WINDOWS\Sun\Java\bin;C:\WINDOWS\system32;C:\WINDOWS;C:\Program Files (x86)\Common Files\Oracle\Java\javapath;C:\ProgramData\Oracle\Java\javapath;C:\Program Files (x86)\Intel\iCLS Client\;C:\Program Files\Intel\iCLS Client\;C:\Program Files (x86)\NVIDIA Corporation\PhysX\Common;C:\WINDOWS\system32;C:\WINDOWS;C:\WINDOWS\System32\Wbem;C:\WINDOWS\System32\WindowsPowerShell\v1.0\;C:\Program Files (x86)\Windows Live\Shared;C:\Program Files (x86)\Intel\OpenCL SDK\2.0\bin\x86;C:\Program Files (x86)\Intel\OpenCL SDK\2.0\bin\x64;C:\Program Files\Intel\Intel(R) Management Engine Components\DAL;C:\Program Files\Intel\Intel(R) Management Engine Components\IPT;C:\Program Files (x86)\Intel\Intel(R) Management Engine Components\DAL;C:\Program Files (x86)\Intel\Intel(R) Management Engine Components\IPT;C:\Program Files\Intel\WiFi\bin\;C:\Program Files\Common Files\Intel\WirelessCommon\;C:\Program Files (x86)\Skype\Phone\;C:\WINDOWS\System32\OpenSSH\;C:\Users\pako9_000\AppData\Local\Programs\Python\Python36\Scripts\;C:\Users\pako9_000\AppData\Local\Programs\Python\Python36\;C:\Program Files\Java\jdk1.8.0_131\bin;C:\Program Files\Intel\WiFi\bin\;C:\Program Files\Common Files\Intel\WirelessCommon\;C:\Users\pako9_000\AppData\Local\Microsoft\WindowsApps;C:\Program Files (x86)\Common Files\Hilscher GmbH\TLRDecode;C:\Program Files\erl\bin;;."/>
    <property name="java.specification.name" value="Java Platform API Specification"/>
    <property name="java.class.version" value="52.0"/>
    <property name="sun.management.compiler" value="HotSpot 64-Bit Tiered Compilers"/>
    <property name="runfx.args" value="-jar &quot;${project.build.directory}/${project.build.finalName}.jar&quot; "/>
    <property name="os.version" value="10.0"/>
    <property name="user.home" value="C:\Users\pako9_000"/>
    <property name="user.timezone" value="Europe/Belgrade"/>
    <property name="java.awt.printerjob" value="sun.awt.windows.WPrinterJob"/>
    <property name="java.specification.version" value="1.8"/>
    <property name="file.encoding" value="UTF-8"/>
    <property name="user.name" value="pako9_000"/>
    <property name="java.class.path" value="C:\Program Files\NetBeans 8.1\java\maven\boot\plexus-classworlds-2.4.jar"/>
    <property name="java.vm.specification.version" value="1.8"/>
    <property name="sun.arch.data.model" value="64"/>
    <property name="java.home" value="C:\Program Files\Java\jdk1.8.0_171\jre"/>
    <property name="sun.java.command" value="org.codehaus.plexus.classworlds.launcher.Launcher -Drunfx.args=-jar &quot;${project.build.directory}/${project.build.finalName}.jar&quot;  -Dmaven.ext.class.path=C:\Program Files\NetBeans 8.1\java\maven-nblib\netbeans-eventspy.jar -Dfile.encoding=UTF-8 clean package org.codehaus.mojo:exec-maven-plugin:1.2.1:exec"/>
    <property name="java.specification.vendor" value="Oracle Corporation"/>
    <property name="user.language" value="pl"/>
    <property name="awt.toolkit" value="sun.awt.windows.WToolkit"/>
    <property name="java.vm.info" value="mixed mode"/>
    <property name="java.version" value="1.8.0_171"/>
    <property name="java.ext.dirs" value="C:\Program Files\Java\jdk1.8.0_171\jre\lib\ext;C:\WINDOWS\Sun\Java\lib\ext"/>
    <property name="sun.boot.class.path" value="C:\Program Files\Java\jdk1.8.0_171\jre\lib\resources.jar;C:\Program Files\Java\jdk1.8.0_171\jre\lib\rt.jar;C:\Program Files\Java\jdk1.8.0_171\jre\lib\sunrsasign.jar;C:\Program Files\Java\jdk1.8.0_171\jre\lib\jsse.jar;C:\Program Files\Java\jdk1.8.0_171\jre\lib\jce.jar;C:\Program Files\Java\jdk1.8.0_171\jre\lib\charsets.jar;C:\Program Files\Java\jdk1.8.0_171\jre\lib\jfr.jar;C:\Program Files\Java\jdk1.8.0_171\jre\classes"/>
    <property name="java.vendor" value="Oracle Corporation"/>
    <property name="maven.home" value="C:\Program Files\NetBeans 8.1\java\maven"/>
    <property name="file.separator" value="\"/>
    <property name="java.vendor.url.bug" value="http://bugreport.sun.com/bugreport/"/>
    <property name="sun.cpu.endian" value="little"/>
    <property name="sun.io.unicode.encoding" value="UnicodeLittle"/>
    <property name="sun.desktop" value="windows"/>
    <property name="sun.cpu.isalist" value="amd64"/>
  </properties>
  <testcase name="aBlockIsStillLife" classname="pl.poznan.put.gol.game.ConwaysGameOfLifeTest" time="0.002">
    <error message="Not implemented yet." type="java.lang.UnsupportedOperationException">java.lang.UnsupportedOperationException: Not implemented yet.
	at pl.poznan.put.gol.game.Generation.evolve(Generation.java:19)
	at pl.poznan.put.gol.game.ConwaysGameOfLifeTest.aBlockIsStillLife(ConwaysGameOfLifeTest.java:36)
</error>
  </testcase>
  <testcase name="aExtinctGameRemainsExtinct" classname="pl.poznan.put.gol.game.ConwaysGameOfLifeTest" time="0.001">
    <error message="Not implemented yet." type="java.lang.UnsupportedOperationException">java.lang.UnsupportedOperationException: Not implemented yet.
	at pl.poznan.put.gol.game.Generation.evolve(Generation.java:19)
	at pl.poznan.put.gol.game.ConwaysGameOfLifeTest.aExtinctGameRemainsExtinct(ConwaysGameOfLifeTest.java:21)
</error>
  </testcase>
  <testcase name="aBlinkerOscillatesWithPeriodTwo" classname="pl.poznan.put.gol.game.ConwaysGameOfLifeTest" time="0.003">
    <error message="Not implemented yet." type="java.lang.UnsupportedOperationException">java.lang.UnsupportedOperationException: Not implemented yet.
	at pl.poznan.put.gol.game.Generation.evolve(Generation.java:19)
	at pl.poznan.put.gol.game.ConwaysGameOfLifeTest.aBlinkerOscillatesWithPeriodTwo(ConwaysGameOfLifeTest.java:76)
</error>
  </testcase>
  <testcase name="aBoatIsStillLife" classname="pl.poznan.put.gol.game.ConwaysGameOfLifeTest" time="0.003">
    <error message="Not implemented yet." type="java.lang.UnsupportedOperationException">java.lang.UnsupportedOperationException: Not implemented yet.
	at pl.poznan.put.gol.game.Generation.evolve(Generation.java:19)
	at pl.poznan.put.gol.game.ConwaysGameOfLifeTest.aBoatIsStillLife(ConwaysGameOfLifeTest.java:66)
</error>
  </testcase>
  <testcase name="aGliderMovesDiagonallyWithPeriod4" classname="pl.poznan.put.gol.game.ConwaysGameOfLifeTest" time="0.002">
    <error message="Not implemented yet." type="java.lang.UnsupportedOperationException">java.lang.UnsupportedOperationException: Not implemented yet.
	at pl.poznan.put.gol.game.Generation.evolve(Generation.java:19)
	at pl.poznan.put.gol.game.ConwaysGameOfLifeTest.aGliderMovesDiagonallyWithPeriod4(ConwaysGameOfLifeTest.java:98)
</error>
  </testcase>
  <testcase name="aLoafIsStillLife" classname="pl.poznan.put.gol.game.ConwaysGameOfLifeTest" time="0.001">
    <error message="Not implemented yet." type="java.lang.UnsupportedOperationException">java.lang.UnsupportedOperationException: Not implemented yet.
	at pl.poznan.put.gol.game.Generation.evolve(Generation.java:19)
	at pl.poznan.put.gol.game.ConwaysGameOfLifeTest.aLoafIsStillLife(ConwaysGameOfLifeTest.java:56)
</error>
  </testcase>
  <testcase name="aBeehiveIsStillLife" classname="pl.poznan.put.gol.game.ConwaysGameOfLifeTest" time="0.001">
    <error message="Not implemented yet." type="java.lang.UnsupportedOperationException">java.lang.UnsupportedOperationException: Not implemented yet.
	at pl.poznan.put.gol.game.Generation.evolve(Generation.java:19)
	at pl.poznan.put.gol.game.ConwaysGameOfLifeTest.aBeehiveIsStillLife(ConwaysGameOfLifeTest.java:46)
</error>
  </testcase>
  <testcase name="aToadOscillatesWithPeriodTwo" classname="pl.poznan.put.gol.game.ConwaysGameOfLifeTest" time="0.001">
    <error message="Not implemented yet." type="java.lang.UnsupportedOperationException">java.lang.UnsupportedOperationException: Not implemented yet.
	at pl.poznan.put.gol.game.Generation.evolve(Generation.java:19)
	at pl.poznan.put.gol.game.ConwaysGameOfLifeTest.aToadOscillatesWithPeriodTwo(ConwaysGameOfLifeTest.java:87)
</error>
  </testcase>
</testsuite>