<?xml version="1.0" encoding="UTF-8"?>
<testsuite name="pl.poznan.put.gol.game.ConwaysGameOfLifeTest" time="0.014" tests="8" errors="8" skipped="0" failures="0">
  <properties>
[...]
</properties>
  <testcase name="aBlockIsStillLife" classname="pl.poznan.put.gol.game.ConwaysGameOfLifeTest" time="0.002">
    <error message="Not implemented yet." type="java.lang.UnsupportedOperationException">java.lang.UnsupportedOperationException: Not implemented yet.
	at pl.poznan.put.gol.game.Generation.evolve(Generation.java:19)
	at pl.poznan.put.gol.game.ConwaysGameOfLifeTest.aBlockIsStillLife(ConwaysGameOfLifeTest.java:36)
</error>
  </testcase>
  <testcase name="aExtinctGameRemainsExtinct" classname="pl.poznan.put.gol.game.ConwaysGameOfLifeTest" time="0.001">
    <error message="Not implemented yet." type="java.lang.UnsupportedOperationException">java.lang.UnsupportedOperationException: Not implemented yet.
	at pl.poznan.put.gol.game.Generation.evolve(Generation.java:19)
	at pl.poznan.put.gol.game.ConwaysGameOfLifeTest.aExtinctGameRemainsExtinct(ConwaysGameOfLifeTest.java:21)
</error>
  </testcase>
  <testcase name="aBlinkerOscillatesWithPeriodTwo" classname="pl.poznan.put.gol.game.ConwaysGameOfLifeTest" time="0.003">
    <error message="Not implemented yet." type="java.lang.UnsupportedOperationException">java.lang.UnsupportedOperationException: Not implemented yet.
	at pl.poznan.put.gol.game.Generation.evolve(Generation.java:19)
	at pl.poznan.put.gol.game.ConwaysGameOfLifeTest.aBlinkerOscillatesWithPeriodTwo(ConwaysGameOfLifeTest.java:76)
</error>
  </testcase>
  <testcase name="aBoatIsStillLife" classname="pl.poznan.put.gol.game.ConwaysGameOfLifeTest" time="0.003">
    <error message="Not implemented yet." type="java.lang.UnsupportedOperationException">java.lang.UnsupportedOperationException: Not implemented yet.
	at pl.poznan.put.gol.game.Generation.evolve(Generation.java:19)
	at pl.poznan.put.gol.game.ConwaysGameOfLifeTest.aBoatIsStillLife(ConwaysGameOfLifeTest.java:66)
</error>
  </testcase>
  <testcase name="aGliderMovesDiagonallyWithPeriod4" classname="pl.poznan.put.gol.game.ConwaysGameOfLifeTest" time="0.002">
    <error message="Not implemented yet." type="java.lang.UnsupportedOperationException">java.lang.UnsupportedOperationException: Not implemented yet.
	at pl.poznan.put.gol.game.Generation.evolve(Generation.java:19)
	at pl.poznan.put.gol.game.ConwaysGameOfLifeTest.aGliderMovesDiagonallyWithPeriod4(ConwaysGameOfLifeTest.java:98)
</error>
  </testcase>
  <testcase name="aLoafIsStillLife" classname="pl.poznan.put.gol.game.ConwaysGameOfLifeTest" time="0.001">
    <error message="Not implemented yet." type="java.lang.UnsupportedOperationException">java.lang.UnsupportedOperationException: Not implemented yet.
	at pl.poznan.put.gol.game.Generation.evolve(Generation.java:19)
	at pl.poznan.put.gol.game.ConwaysGameOfLifeTest.aLoafIsStillLife(ConwaysGameOfLifeTest.java:56)
</error>
  </testcase>
  <testcase name="aBeehiveIsStillLife" classname="pl.poznan.put.gol.game.ConwaysGameOfLifeTest" time="0.001">
    <error message="Not implemented yet." type="java.lang.UnsupportedOperationException">java.lang.UnsupportedOperationException: Not implemented yet.
	at pl.poznan.put.gol.game.Generation.evolve(Generation.java:19)
	at pl.poznan.put.gol.game.ConwaysGameOfLifeTest.aBeehiveIsStillLife(ConwaysGameOfLifeTest.java:46)
</error>
  </testcase>
  <testcase name="aToadOscillatesWithPeriodTwo" classname="pl.poznan.put.gol.game.ConwaysGameOfLifeTest" time="0.001">
    <error message="Not implemented yet." type="java.lang.UnsupportedOperationException">java.lang.UnsupportedOperationException: Not implemented yet.
	at pl.poznan.put.gol.game.Generation.evolve(Generation.java:19)
	at pl.poznan.put.gol.game.ConwaysGameOfLifeTest.aToadOscillatesWithPeriodTwo(ConwaysGameOfLifeTest.java:87)
</error>
  </testcase>
</testsuite>